<?xml version="1.0" encoding="UTF-8"?>
<testsuite name="com.dorf.teav.GateMsgApplicationTests" tests="1" skipped="0" failures="0" errors="0" timestamp="2023-04-01T15:25:13" hostname="DESKTOP-KB0HTKV" time="0.434">
  <properties/>
  <testcase name="contextLoads()" classname="com.dorf.teav.GateMsgApplicationTests" time="0.434"/>
  <system-out><![CDATA[20:55:10.120 [Test worker] DEBUG org.springframework.test.context.BootstrapUtils - Instantiating CacheAwareContextLoaderDelegate from class [org.springframework.test.context.cache.DefaultCacheAwareContextLoaderDelegate]
20:55:10.135 [Test worker] DEBUG org.springframework.test.context.BootstrapUtils - Instantiating BootstrapContext using constructor [public org.springframework.test.context.support.DefaultBootstrapContext(java.lang.Class,org.springframework.test.context.CacheAwareContextLoaderDelegate)]
20:55:10.182 [Test worker] DEBUG org.springframework.test.context.BootstrapUtils - Instantiating TestContextBootstrapper for test class [com.dorf.teav.GateMsgApplicationTests] from class [org.springframework.boot.test.context.SpringBootTestContextBootstrapper]
20:55:10.182 [Test worker] INFO org.springframework.boot.test.context.SpringBootTestContextBootstrapper - Neither @ContextConfiguration nor @ContextHierarchy found for test class [com.dorf.teav.GateMsgApplicationTests], using SpringBootContextLoader
20:55:10.198 [Test worker] DEBUG org.springframework.test.context.support.AbstractContextLoader - Did not detect default resource location for test class [com.dorf.teav.GateMsgApplicationTests]: class path resource [com/dorf/teav/GateMsgApplicationTests-context.xml] does not exist
20:55:10.198 [Test worker] DEBUG org.springframework.test.context.support.AbstractContextLoader - Did not detect default resource location for test class [com.dorf.teav.GateMsgApplicationTests]: class path resource [com/dorf/teav/GateMsgApplicationTestsContext.groovy] does not exist
20:55:10.198 [Test worker] INFO org.springframework.test.context.support.AbstractContextLoader - Could not detect default resource locations for test class [com.dorf.teav.GateMsgApplicationTests]: no resource found for suffixes {-context.xml, Context.groovy}.
20:55:10.198 [Test worker] INFO org.springframework.test.context.support.AnnotationConfigContextLoaderUtils - Could not detect default configuration classes for test class [com.dorf.teav.GateMsgApplicationTests]: GateMsgApplicationTests does not declare any static, non-private, non-final, nested classes annotated with @Configuration.
20:55:10.260 [Test worker] DEBUG org.springframework.test.context.support.ActiveProfilesUtils - Could not find an 'annotation declaring class' for annotation type [org.springframework.test.context.ActiveProfiles] and class [com.dorf.teav.GateMsgApplicationTests]
20:55:10.354 [Test worker] DEBUG org.springframework.context.annotation.ClassPathScanningCandidateComponentProvider - Identified candidate component class: file [D:\workspace\teav\GateMessage\build\classes\java\main\com\dorf\teav\GateMsgApplication.class]
20:55:10.370 [Test worker] INFO org.springframework.boot.test.context.SpringBootTestContextBootstrapper - Found @SpringBootConfiguration com.dorf.teav.GateMsgApplication for test class com.dorf.teav.GateMsgApplicationTests
20:55:10.542 [Test worker] DEBUG org.springframework.boot.test.context.SpringBootTestContextBootstrapper - @TestExecutionListeners is not present for class [com.dorf.teav.GateMsgApplicationTests]: using defaults.
20:55:10.542 [Test worker] INFO org.springframework.boot.test.context.SpringBootTestContextBootstrapper - Loaded default TestExecutionListener class names from location [META-INF/spring.factories]: [org.springframework.boot.test.autoconfigure.restdocs.RestDocsTestExecutionListener, org.springframework.boot.test.autoconfigure.web.client.MockRestServiceServerResetTestExecutionListener, org.springframework.boot.test.autoconfigure.web.servlet.MockMvcPrintOnlyOnFailureTestExecutionListener, org.springframework.boot.test.autoconfigure.web.servlet.WebDriverTestExecutionListener, org.springframework.boot.test.autoconfigure.webservices.client.MockWebServiceServerTestExecutionListener, org.springframework.boot.test.mock.mockito.MockitoTestExecutionListener, org.springframework.boot.test.mock.mockito.ResetMocksTestExecutionListener, org.springframework.test.context.web.ServletTestExecutionListener, org.springframework.test.context.support.DirtiesContextBeforeModesTestExecutionListener, org.springframework.test.context.event.ApplicationEventsTestExecutionListener, org.springframework.test.context.support.DependencyInjectionTestExecutionListener, org.springframework.test.context.support.DirtiesContextTestExecutionListener, org.springframework.test.context.transaction.TransactionalTestExecutionListener, org.springframework.test.context.jdbc.SqlScriptsTestExecutionListener, org.springframework.test.context.event.EventPublishingTestExecutionListener]
20:55:10.542 [Test worker] DEBUG org.springframework.boot.test.context.SpringBootTestContextBootstrapper - Skipping candidate TestExecutionListener [org.springframework.test.context.transaction.TransactionalTestExecutionListener] due to a missing dependency. Specify custom listener classes or make the default listener classes and their required dependencies available. Offending class: [org/springframework/transaction/interceptor/TransactionAttributeSource]
20:55:10.557 [Test worker] DEBUG org.springframework.boot.test.context.SpringBootTestContextBootstrapper - Skipping candidate TestExecutionListener [org.springframework.test.context.jdbc.SqlScriptsTestExecutionListener] due to a missing dependency. Specify custom listener classes or make the default listener classes and their required dependencies available. Offending class: [org/springframework/transaction/interceptor/TransactionAttribute]
20:55:10.557 [Test worker] INFO org.springframework.boot.test.context.SpringBootTestContextBootstrapper - Using TestExecutionListeners: [org.springframework.test.context.web.ServletTestExecutionListener@54ec8cc9, org.springframework.test.context.support.DirtiesContextBeforeModesTestExecutionListener@52eacb4b, org.springframework.test.context.event.ApplicationEventsTestExecutionListener@5528a42c, org.springframework.boot.test.mock.mockito.MockitoTestExecutionListener@2a551a63, org.springframework.boot.test.autoconfigure.SpringBootDependencyInjectionTestExecutionListener@1a6f5124, org.springframework.test.context.support.DirtiesContextTestExecutionListener@1edb61b1, org.springframework.test.context.event.EventPublishingTestExecutionListener@ec2bf82, org.springframework.boot.test.autoconfigure.restdocs.RestDocsTestExecutionListener@cc62a3b, org.springframework.boot.test.autoconfigure.web.client.MockRestServiceServerResetTestExecutionListener@6cc0bcf6, org.springframework.boot.test.autoconfigure.web.servlet.MockMvcPrintOnlyOnFailureTestExecutionListener@29539e36, org.springframework.boot.test.autoconfigure.web.servlet.WebDriverTestExecutionListener@32f61a31, org.springframework.boot.test.autoconfigure.webservices.client.MockWebServiceServerTestExecutionListener@f5c79a6, org.springframework.boot.test.mock.mockito.ResetMocksTestExecutionListener@669253b7]
20:55:10.557 [Test worker] DEBUG org.springframework.test.context.support.AbstractDirtiesContextTestExecutionListener - Before test class: context [DefaultTestContext@ecf9fb3 testClass = GateMsgApplicationTests, testInstance = [null], testMethod = [null], testException = [null], mergedContextConfiguration = [WebMergedContextConfiguration@2d35442b testClass = GateMsgApplicationTests, locations = '{}', classes = '{class com.dorf.teav.GateMsgApplication}', contextInitializerClasses = '[]', activeProfiles = '{}', propertySourceLocations = '{}', propertySourceProperties = '{org.springframework.boot.test.context.SpringBootTestContextBootstrapper=true}', contextCustomizers = set[org.springframework.boot.test.autoconfigure.actuate.metrics.MetricsExportContextCustomizerFactory$DisableMetricExportContextCustomizer@3f0846c6, org.springframework.boot.test.autoconfigure.properties.PropertyMappingContextCustomizer@0, org.springframework.boot.test.autoconfigure.web.servlet.WebDriverContextCustomizerFactory$Customizer@7b8233cd, org.springframework.boot.test.context.filter.ExcludeFilterContextCustomizer@4da602fc, org.springframework.boot.test.json.DuplicateJsonObjectContextCustomizerFactory$DuplicateJsonObjectContextCustomizer@4c398c80, org.springframework.boot.test.mock.mockito.MockitoContextCustomizer@0, org.springframework.boot.test.web.client.TestRestTemplateContextCustomizer@56a4479a, org.springframework.boot.test.context.SpringBootTestArgs@1, org.springframework.boot.test.context.SpringBootTestWebEnvironment@536dbea0], resourceBasePath = 'src/main/webapp', contextLoader = 'org.springframework.boot.test.context.SpringBootContextLoader', parent = [null]], attributes = map['org.springframework.test.context.web.ServletTestExecutionListener.activateListener' -> true]], class annotated with @DirtiesContext [false] with mode [null].

  .   ____          _            __ _ _
 /\\ / ___'_ __ _ _(_)_ __  __ _ \ \ \ \
( ( )\___ | '_ | '_| | '_ \/ _` | \ \ \ \
 \\/  ___)| |_)| | | | | || (_| |  ) ) ) )
  '  |____| .__|_| |_|_| |_\__, | / / / /
 =========|_|==============|___/=/_/_/_/
 :: Spring Boot ::                (v2.7.9)

2023-04-01 20:55:11.042  INFO 6116 --- [    Test worker] com.dorf.teav.GateMsgApplicationTests    : Starting GateMsgApplicationTests using Java 11.0.18 on DESKTOP-KB0HTKV with PID 6116 (started by HP in D:\workspace\teav\GateMessage)
2023-04-01 20:55:11.057  INFO 6116 --- [    Test worker] com.dorf.teav.GateMsgApplicationTests    : No active profile set, falling back to 1 default profile: "default"
2023-04-01 20:55:13.510  INFO 6116 --- [    Test worker] com.dorf.teav.GateMsgApplicationTests    : Started GateMsgApplicationTests in 2.902 seconds (JVM running for 4.666)
]]></system-out>
  <system-err><![CDATA[]]></system-err>
</testsuite>
